\BOOKMARK [0][-]{chapter*.1}{Over dit Document}{}% 1
\BOOKMARK [0][-]{chapter.1}{Een veilige webserver}{}% 2
\BOOKMARK [1][-]{section.1.1}{Client side information}{chapter.1}% 3
\BOOKMARK [1][-]{section.1.2}{Website debugging}{chapter.1}% 4
\BOOKMARK [2][-]{subsection.1.2.1}{Microsoft Edge}{section.1.2}% 5
\BOOKMARK [0][-]{chapter.2}{Non-disclosure}{}% 6
\BOOKMARK [1][-]{section.2.1}{Apache}{chapter.2}% 7
\BOOKMARK [2][-]{subsection.2.1.1}{Version disclosures}{section.2.1}% 8
\BOOKMARK [1][-]{section.2.2}{NGINX}{chapter.2}% 9
\BOOKMARK [2][-]{subsection.2.2.1}{Version disclosures}{section.2.2}% 10
\BOOKMARK [1][-]{section.2.3}{IIS}{chapter.2}% 11
\BOOKMARK [2][-]{subsection.2.3.1}{Version disclosures}{section.2.3}% 12
\BOOKMARK [2][-]{subsection.2.3.2}{Methods}{section.2.3}% 13
\BOOKMARK [2][-]{subsection.2.3.3}{Directory browsing}{section.2.3}% 14
\BOOKMARK [0][-]{chapter.3}{Website Scripting Languages}{}% 15
\BOOKMARK [1][-]{section.3.1}{PHP}{chapter.3}% 16
\BOOKMARK [0][-]{chapter.4}{Webserver encryption \(SSL/TLS\)}{}% 17
\BOOKMARK [1][-]{section.4.1}{TLS - Transport Layer Security}{chapter.4}% 18
\BOOKMARK [2][-]{subsection.4.1.1}{Cipher suites}{section.4.1}% 19
\BOOKMARK [2][-]{subsection.4.1.2}{Key Exchange}{section.4.1}% 20
\BOOKMARK [2][-]{subsection.4.1.3}{Message integrity}{section.4.1}% 21
\BOOKMARK [2][-]{subsection.4.1.4}{TLS versions}{section.4.1}% 22
\BOOKMARK [1][-]{section.4.2}{IIS en TLS}{chapter.4}% 23
\BOOKMARK [2][-]{subsection.4.2.1}{HTTP Strict-Transport-Security \(HSTS\)}{section.4.2}% 24
\BOOKMARK [2][-]{subsection.4.2.2}{SSL en TLS}{section.4.2}% 25
\BOOKMARK [2][-]{subsection.4.2.3}{Ciphers}{section.4.2}% 26
\BOOKMARK [2][-]{subsection.4.2.4}{Hashes}{section.4.2}% 27
\BOOKMARK [2][-]{subsection.4.2.5}{Key Exchange}{section.4.2}% 28
\BOOKMARK [0][-]{chapter.5}{Network Attacks}{}% 29
\BOOKMARK [1][-]{section.5.1}{DoS}{chapter.5}% 30
\BOOKMARK [2][-]{subsection.5.1.1}{DDoS}{section.5.1}% 31
\BOOKMARK [1][-]{section.5.2}{Gaining access}{chapter.5}% 32
\BOOKMARK [2][-]{subsection.5.2.1}{Defacing}{section.5.2}% 33
\BOOKMARK [2][-]{subsection.5.2.2}{Server access}{section.5.2}% 34
\BOOKMARK [2][-]{subsection.5.2.3}{Database access}{section.5.2}% 35
\BOOKMARK [0][-]{chapter.6}{Webserver Attacks}{}% 36
\BOOKMARK [1][-]{section.6.1}{Slowloris}{chapter.6}% 37
\BOOKMARK [2][-]{subsection.6.1.1}{IIS en slowloris}{section.6.1}% 38
\BOOKMARK [1][-]{section.6.2}{Cross-Side Request Forgery}{chapter.6}% 39
\BOOKMARK [1][-]{section.6.3}{Cross-Side Scripting}{chapter.6}% 40
\BOOKMARK [2][-]{subsection.6.3.1}{XSS en PHP}{section.6.3}% 41
\BOOKMARK [2][-]{subsection.6.3.2}{XSS en Cookies}{section.6.3}% 42
\BOOKMARK [0][-]{section*.6}{Index}{}% 43
